# JRE version: OpenJDK Runtime Environment Temurin-17.0.2+8 (17.0.2+8) (build 17.0.2+8)
# Java VM: OpenJDK 64-Bit Server VM Temurin-17.0.2+8 (17.0.2+8, mixed mode, tiered, compressed oops, compressed class ptrs, parallel gc, windows-amd64)
GC Precious Log:
 CPUs: 4 total, 4 available
 Memory: 8008M
 Large Page Support: Disabled
 NUMA Support: Disabled
 Compressed Oops: Enabled (32-bit)
 Alignments: Space 512K, Generation 512K, Heap 2M
 Heap Min Capacity: 100M
 Heap Initial Capacity: 100M
 Heap Max Capacity: 1G
 Pre-touch: Disabled
 Parallel Workers: 4
Heap:
 PSYoungGen      total 22528K, used 19274K [0x00000000eab00000, 0x00000000ec300000, 0x0000000100000000)
  eden space 20480K, 86% used [0x00000000eab00000,0x00000000ebc484b0,0x00000000ebf00000)
  from space 2048K, 77% used [0x00000000ebf00000,0x00000000ec08a4a8,0x00000000ec100000)
  to   space 2048K, 0% used [0x00000000ec100000,0x00000000ec100000,0x00000000ec300000)
 ParOldGen       total 68608K, used 36534K [0x00000000c0000000, 0x00000000c4300000, 0x00000000eab00000)
  object space 68608K, 53% used [0x00000000c0000000,0x00000000c23ad918,0x00000000c4300000)
 Metaspace       used 55409K, committed 56256K, reserved 1105920K
  class space    used 5965K, committed 6336K, reserved 1048576K
GC Heap History (20 events):
Event: 9.649 GC heap before
{Heap before GC invocations=14 (full 2):
 PSYoungGen      total 24576K, used 24320K [0x00000000eab00000, 0x00000000ec780000, 0x0000000100000000)
  eden space 22016K, 100% used [0x00000000eab00000,0x00000000ec080000,0x00000000ec080000)
  from space 2560K, 90% used [0x00000000ec200000,0x00000000ec440010,0x00000000ec480000)
  to   space 3072K, 0% used [0x00000000ec480000,0x00000000ec480000,0x00000000ec780000)
 ParOldGen       total 68608K, used 20267K [0x00000000c0000000, 0x00000000c4300000, 0x00000000eab00000)
  object space 68608K, 29% used [0x00000000c0000000,0x00000000c13cadb8,0x00000000c4300000)
 Metaspace       used 44911K, committed 45632K, reserved 1097728K
  class space    used 4932K, committed 5248K, reserved 1048576K
}
Event: 9.654 GC heap after
{Heap after GC invocations=14 (full 2):
 PSYoungGen      total 24064K, used 1984K [0x00000000eab00000, 0x00000000ec680000, 0x0000000100000000)
  eden space 22016K, 0% used [0x00000000eab00000,0x00000000eab00000,0x00000000ec080000)
  from space 2048K, 96% used [0x00000000ec480000,0x00000000ec670000,0x00000000ec680000)
  to   space 2560K, 0% used [0x00000000ec180000,0x00000000ec180000,0x00000000ec400000)
 ParOldGen       total 68608K, used 22542K [0x00000000c0000000, 0x00000000c4300000, 0x00000000eab00000)
  object space 68608K, 32% used [0x00000000c0000000,0x00000000c1603bc8,0x00000000c4300000)
 Metaspace       used 44911K, committed 45632K, reserved 1097728K
  class space    used 4932K, committed 5248K, reserved 1048576K
}
Event: 9.844 GC heap before
{Heap before GC invocations=15 (full 2):
 PSYoungGen      total 24064K, used 24000K [0x00000000eab00000, 0x00000000ec680000, 0x0000000100000000)
  eden space 22016K, 100% used [0x00000000eab00000,0x00000000ec080000,0x00000000ec080000)
  from space 2048K, 96% used [0x00000000ec480000,0x00000000ec670000,0x00000000ec680000)
  to   space 2560K, 0% used [0x00000000ec180000,0x00000000ec180000,0x00000000ec400000)
 ParOldGen       total 68608K, used 22542K [0x00000000c0000000, 0x00000000c4300000, 0x00000000eab00000)
  object space 68608K, 32% used [0x00000000c0000000,0x00000000c1603bc8,0x00000000c4300000)
 Metaspace       used 45173K, committed 45952K, reserved 1097728K
  class space    used 4952K, committed 5248K, reserved 1048576K
}
Event: 9.849 GC heap after
{Heap after GC invocations=15 (full 2):
 PSYoungGen      total 24576K, used 2208K [0x00000000eab00000, 0x00000000ec580000, 0x0000000100000000)
  eden space 22016K, 0% used [0x00000000eab00000,0x00000000eab00000,0x00000000ec080000)
  from space 2560K, 86% used [0x00000000ec180000,0x00000000ec3a8010,0x00000000ec400000)
  to   space 1536K, 0% used [0x00000000ec400000,0x00000000ec400000,0x00000000ec580000)
 ParOldGen       total 68608K, used 24462K [0x00000000c0000000, 0x00000000c4300000, 0x00000000eab00000)
  object space 68608K, 35% used [0x00000000c0000000,0x00000000c17e3bc8,0x00000000c4300000)
 Metaspace       used 45173K, committed 45952K, reserved 1097728K
  class space    used 4952K, committed 5248K, reserved 1048576K
}
Event: 10.141 GC heap before
{Heap before GC invocations=16 (full 2):
 PSYoungGen      total 24576K, used 24224K [0x00000000eab00000, 0x00000000ec580000, 0x0000000100000000)
  eden space 22016K, 100% used [0x00000000eab00000,0x00000000ec080000,0x00000000ec080000)
  from space 2560K, 86% used [0x00000000ec180000,0x00000000ec3a8010,0x00000000ec400000)
  to   space 1536K, 0% used [0x00000000ec400000,0x00000000ec400000,0x00000000ec580000)
 ParOldGen       total 68608K, used 24462K [0x00000000c0000000, 0x00000000c4300000, 0x00000000eab00000)
  object space 68608K, 35% used [0x00000000c0000000,0x00000000c17e3bc8,0x00000000c4300000)
 Metaspace       used 46298K, committed 47040K, reserved 1097728K
  class space    used 5056K, committed 5376K, reserved 1048576K
}
Event: 10.146 GC heap after
{Heap after GC invocations=16 (full 2):
 PSYoungGen      total 22016K, used 1536K [0x00000000eab00000, 0x00000000eca80000, 0x0000000100000000)
  eden space 20480K, 0% used [0x00000000eab00000,0x00000000eab00000,0x00000000ebf00000)
  from space 1536K, 100% used [0x00000000ec400000,0x00000000ec580000,0x00000000ec580000)
  to   space 5120K, 0% used [0x00000000ebf00000,0x00000000ebf00000,0x00000000ec400000)
 ParOldGen       total 68608K, used 27580K [0x00000000c0000000, 0x00000000c4300000, 0x00000000eab00000)
  object space 68608K, 40% used [0x00000000c0000000,0x00000000c1aef398,0x00000000c4300000)
 Metaspace       used 46298K, committed 47040K, reserved 1097728K
  class space    used 5056K, committed 5376K, reserved 1048576K
}
Event: 11.718 GC heap before
{Heap before GC invocations=17 (full 2):
 PSYoungGen      total 22016K, used 22016K [0x00000000eab00000, 0x00000000eca80000, 0x0000000100000000)
  eden space 20480K, 100% used [0x00000000eab00000,0x00000000ebf00000,0x00000000ebf00000)
  from space 1536K, 100% used [0x00000000ec400000,0x00000000ec580000,0x00000000ec580000)
  to   space 5120K, 0% used [0x00000000ebf00000,0x00000000ebf00000,0x00000000ec400000)
 ParOldGen       total 68608K, used 27580K [0x00000000c0000000, 0x00000000c4300000, 0x00000000eab00000)
  object space 68608K, 40% used [0x00000000c0000000,0x00000000c1aef398,0x00000000c4300000)
 Metaspace       used 50817K, committed 51712K, reserved 1097728K
  class space    used 5570K, committed 5952K, reserved 1048576K
}
Event: 11.726 GC heap after
{Heap after GC invocations=17 (full 2):
 PSYoungGen      total 22528K, used 1536K [0x00000000eab00000, 0x00000000ec500000, 0x0000000100000000)
  eden space 20480K, 0% used [0x00000000eab00000,0x00000000eab00000,0x00000000ebf00000)
  from space 2048K, 75% used [0x00000000ebf00000,0x00000000ec0803b0,0x00000000ec100000)
  to   space 3072K, 0% used [0x00000000ec200000,0x00000000ec200000,0x00000000ec500000)
 ParOldGen       total 68608K, used 29129K [0x00000000c0000000, 0x00000000c4300000, 0x00000000eab00000)
  object space 68608K, 42% used [0x00000000c0000000,0x00000000c1c726f0,0x00000000c4300000)
 Metaspace       used 50817K, committed 51712K, reserved 1097728K
  class space    used 5570K, committed 5952K, reserved 1048576K
}
Event: 11.915 GC heap before
{Heap before GC invocations=18 (full 2):
 PSYoungGen      total 22528K, used 22016K [0x00000000eab00000, 0x00000000ec500000, 0x0000000100000000)
  eden space 20480K, 100% used [0x00000000eab00000,0x00000000ebf00000,0x00000000ebf00000)
  from space 2048K, 75% used [0x00000000ebf00000,0x00000000ec0803b0,0x00000000ec100000)
  to   space 3072K, 0% used [0x00000000ec200000,0x00000000ec200000,0x00000000ec500000)
 ParOldGen       total 68608K, used 29129K [0x00000000c0000000, 0x00000000c4300000, 0x00000000eab00000)
  object space 68608K, 42% used [0x00000000c0000000,0x00000000c1c726f0,0x00000000c4300000)
 Metaspace       used 51072K, committed 51904K, reserved 1097728K
  class space    used 5579K, committed 5952K, reserved 1048576K
}
Event: 11.919 GC heap after
{Heap after GC invocations=18 (full 2):
 PSYoungGen      total 21504K, used 641K [0x00000000eab00000, 0x00000000ec300000, 0x0000000100000000)
  eden space 20480K, 0% used [0x00000000eab00000,0x00000000eab00000,0x00000000ebf00000)
  from space 1024K, 62% used [0x00000000ec200000,0x00000000ec2a0738,0x00000000ec300000)
  to   space 1536K, 0% used [0x00000000ec000000,0x00000000ec000000,0x00000000ec180000)
 ParOldGen       total 68608K, used 30603K [0x00000000c0000000, 0x00000000c4300000, 0x00000000eab00000)
  object space 68608K, 44% used [0x00000000c0000000,0x00000000c1de2fe8,0x00000000c4300000)
 Metaspace       used 51072K, committed 51904K, reserved 1097728K
  class space    used 5579K, committed 5952K, reserved 1048576K
}
Event: 12.266 GC heap before
{Heap before GC invocations=19 (full 2):
 PSYoungGen      total 21504K, used 21121K [0x00000000eab00000, 0x00000000ec300000, 0x0000000100000000)
  eden space 20480K, 100% used [0x00000000eab00000,0x00000000ebf00000,0x00000000ebf00000)
  from space 1024K, 62% used [0x00000000ec200000,0x00000000ec2a0738,0x00000000ec300000)
  to   space 1536K, 0% used [0x00000000ec000000,0x00000000ec000000,0x00000000ec180000)
 ParOldGen       total 68608K, used 30603K [0x00000000c0000000, 0x00000000c4300000, 0x00000000eab00000)
  object space 68608K, 44% used [0x00000000c0000000,0x00000000c1de2fe8,0x00000000c4300000)
 Metaspace       used 51668K, committed 52480K, reserved 1097728K
  class space    used 5618K, committed 5952K, reserved 1048576K
}
Event: 12.268 GC heap after
{Heap after GC invocations=19 (full 2):
 PSYoungGen      total 22016K, used 919K [0x00000000eab00000, 0x00000000ec280000, 0x0000000100000000)
  eden space 20480K, 0% used [0x00000000eab00000,0x00000000eab00000,0x00000000ebf00000)
  from space 1536K, 59% used [0x00000000ec000000,0x00000000ec0e5cc0,0x00000000ec180000)
  to   space 1024K, 0% used [0x00000000ec180000,0x00000000ec180000,0x00000000ec280000)
 ParOldGen       total 68608K, used 31085K [0x00000000c0000000, 0x00000000c4300000, 0x00000000eab00000)
  object space 68608K, 45% used [0x00000000c0000000,0x00000000c1e5b710,0x00000000c4300000)
 Metaspace       used 51668K, committed 52480K, reserved 1097728K
  class space    used 5618K, committed 5952K, reserved 1048576K
}
Event: 12.581 GC heap before
{Heap before GC invocations=20 (full 2):
 PSYoungGen      total 22016K, used 21399K [0x00000000eab00000, 0x00000000ec280000, 0x0000000100000000)
  eden space 20480K, 100% used [0x00000000eab00000,0x00000000ebf00000,0x00000000ebf00000)
  from space 1536K, 59% used [0x00000000ec000000,0x00000000ec0e5cc0,0x00000000ec180000)
  to   space 1024K, 0% used [0x00000000ec180000,0x00000000ec180000,0x00000000ec280000)
 ParOldGen       total 68608K, used 31085K [0x00000000c0000000, 0x00000000c4300000, 0x00000000eab00000)
  object space 68608K, 45% used [0x00000000c0000000,0x00000000c1e5b710,0x00000000c4300000)
 Metaspace       used 52218K, committed 53120K, reserved 1097728K
  class space    used 5702K, committed 6080K, reserved 1048576K
}
Event: 12.585 GC heap after
{Heap after GC invocations=20 (full 2):
 PSYoungGen      total 21504K, used 992K [0x00000000eab00000, 0x00000000ec400000, 0x0000000100000000)
  eden space 20480K, 0% used [0x00000000eab00000,0x00000000eab00000,0x00000000ebf00000)
  from space 1024K, 96% used [0x00000000ec180000,0x00000000ec278020,0x00000000ec280000)
  to   space 2560K, 0% used [0x00000000ebf00000,0x00000000ebf00000,0x00000000ec180000)
 ParOldGen       total 68608K, used 32144K [0x00000000c0000000, 0x00000000c4300000, 0x00000000eab00000)
  object space 68608K, 46% used [0x00000000c0000000,0x00000000c1f64118,0x00000000c4300000)
 Metaspace       used 52218K, committed 53120K, reserved 1097728K
  class space    used 5702K, committed 6080K, reserved 1048576K
}
Event: 12.840 GC heap before
{Heap before GC invocations=21 (full 2):
 PSYoungGen      total 21504K, used 21472K [0x00000000eab00000, 0x00000000ec400000, 0x0000000100000000)
  eden space 20480K, 100% used [0x00000000eab00000,0x00000000ebf00000,0x00000000ebf00000)
  from space 1024K, 96% used [0x00000000ec180000,0x00000000ec278020,0x00000000ec280000)
  to   space 2560K, 0% used [0x00000000ebf00000,0x00000000ebf00000,0x00000000ec180000)
 ParOldGen       total 68608K, used 32144K [0x00000000c0000000, 0x00000000c4300000, 0x00000000eab00000)
  object space 68608K, 46% used [0x00000000c0000000,0x00000000c1f64118,0x00000000c4300000)
 Metaspace       used 53049K, committed 53888K, reserved 1097728K
  class space    used 5772K, committed 6144K, reserved 1048576K
}
Event: 12.845 GC heap after
{Heap after GC invocations=21 (full 2):
 PSYoungGen      total 22528K, used 1818K [0x00000000eab00000, 0x00000000ec300000, 0x0000000100000000)
  eden space 20480K, 0% used [0x00000000eab00000,0x00000000eab00000,0x00000000ebf00000)
  from space 2048K, 88% used [0x00000000ebf00000,0x00000000ec0c6860,0x00000000ec100000)
  to   space 2048K, 0% used [0x00000000ec100000,0x00000000ec100000,0x00000000ec300000)
 ParOldGen       total 68608K, used 33066K [0x00000000c0000000, 0x00000000c4300000, 0x00000000eab00000)
  object space 68608K, 48% used [0x00000000c0000000,0x00000000c204aba0,0x00000000c4300000)
 Metaspace       used 53049K, committed 53888K, reserved 1097728K
  class space    used 5772K, committed 6144K, reserved 1048576K
}
Event: 13.249 GC heap before
{Heap before GC invocations=22 (full 2):
 PSYoungGen      total 22528K, used 22298K [0x00000000eab00000, 0x00000000ec300000, 0x0000000100000000)
  eden space 20480K, 100% used [0x00000000eab00000,0x00000000ebf00000,0x00000000ebf00000)
  from space 2048K, 88% used [0x00000000ebf00000,0x00000000ec0c6860,0x00000000ec100000)
  to   space 2048K, 0% used [0x00000000ec100000,0x00000000ec100000,0x00000000ec300000)
 ParOldGen       total 68608K, used 33066K [0x00000000c0000000, 0x00000000c4300000, 0x00000000eab00000)
  object space 68608K, 48% used [0x00000000c0000000,0x00000000c204aba0,0x00000000c4300000)
 Metaspace       used 53942K, committed 54784K, reserved 1097728K
  class space    used 5841K, committed 6208K, reserved 1048576K
}
Event: 13.253 GC heap after
{Heap after GC invocations=22 (full 2):
 PSYoungGen      total 22528K, used 1776K [0x00000000eab00000, 0x00000000ec300000, 0x0000000100000000)
  eden space 20480K, 0% used [0x00000000eab00000,0x00000000eab00000,0x00000000ebf00000)
  from space 2048K, 86% used [0x00000000ec100000,0x00000000ec2bc160,0x00000000ec300000)
  to   space 2048K, 0% used [0x00000000ebf00000,0x00000000ebf00000,0x00000000ec100000)
 ParOldGen       total 68608K, used 34849K [0x00000000c0000000, 0x00000000c4300000, 0x00000000eab00000)
  object space 68608K, 50% used [0x00000000c0000000,0x00000000c22087a8,0x00000000c4300000)
 Metaspace       used 53942K, committed 54784K, reserved 1097728K
  class space    used 5841K, committed 6208K, reserved 1048576K
}
Event: 13.586 GC heap before
{Heap before GC invocations=23 (full 2):
 PSYoungGen      total 22528K, used 22256K [0x00000000eab00000, 0x00000000ec300000, 0x0000000100000000)
  eden space 20480K, 100% used [0x00000000eab00000,0x00000000ebf00000,0x00000000ebf00000)
  from space 2048K, 86% used [0x00000000ec100000,0x00000000ec2bc160,0x00000000ec300000)
  to   space 2048K, 0% used [0x00000000ebf00000,0x00000000ebf00000,0x00000000ec100000)
 ParOldGen       total 68608K, used 34849K [0x00000000c0000000, 0x00000000c4300000, 0x00000000eab00000)
  object space 68608K, 50% used [0x00000000c0000000,0x00000000c22087a8,0x00000000c4300000)
 Metaspace       used 54254K, committed 55104K, reserved 1105920K
  class space    used 5847K, committed 6208K, reserved 1048576K
}
Event: 13.597 GC heap after
{Heap after GC invocations=23 (full 2):
 PSYoungGen      total 22528K, used 1577K [0x00000000eab00000, 0x00000000ec300000, 0x0000000100000000)
  eden space 20480K, 0% used [0x00000000eab00000,0x00000000eab00000,0x00000000ebf00000)
  from space 2048K, 77% used [0x00000000ebf00000,0x00000000ec08a4a8,0x00000000ec100000)
  to   space 2048K, 0% used [0x00000000ec100000,0x00000000ec100000,0x00000000ec300000)
 ParOldGen       total 68608K, used 36534K [0x00000000c0000000, 0x00000000c4300000, 0x00000000eab00000)
  object space 68608K, 53% used [0x00000000c0000000,0x00000000c23ad918,0x00000000c4300000)
 Metaspace       used 54254K, committed 55104K, reserved 1105920K
  class space    used 5847K, committed 6208K, reserved 1048576K
}

